[debug] [2022-10-10T19:50:31.963Z] ----------------------------------------------------------------------
[debug] [2022-10-10T19:50:31.969Z] Command:       /home/manan/.nvm/versions/node/v16.15.0/bin/node /home/linuxbrew/.linuxbrew/bin/firebase init functions
[debug] [2022-10-10T19:50:31.972Z] CLI Version:   11.14.1
[debug] [2022-10-10T19:50:31.972Z] Platform:      linux
[debug] [2022-10-10T19:50:31.972Z] Node Version:  v16.15.0
[debug] [2022-10-10T19:50:31.993Z] Time:          Mon Oct 10 2022 22:50:31 GMT+0300 (GMT+03:00)
[debug] [2022-10-10T19:50:31.994Z] ----------------------------------------------------------------------
[debug] 
[debug] [2022-10-10T19:50:32.323Z] > command requires scopes: ["email","openid","https://www.googleapis.com/auth/cloudplatformprojects.readonly","https://www.googleapis.com/auth/firebase","https://www.googleapis.com/auth/cloud-platform"]
[debug] [2022-10-10T19:50:32.323Z] > authorizing via signed-in user (abdelmanan.abdelrahman03@gmail.com)
[info] 
     ######## #### ########  ######## ########     ###     ######  ########
     ##        ##  ##     ## ##       ##     ##  ##   ##  ##       ##
     ######    ##  ########  ######   ########  #########  ######  ######
     ##        ##  ##    ##  ##       ##     ## ##     ##       ## ##
     ##       #### ##     ## ######## ########  ##     ##  ######  ########

You're about to initialize a Firebase project in this directory:

  /home/manan/code/work/polls

Before we get started, keep in mind:

  * You are initializing within an existing Firebase project directory

[info] 
=== Project Setup
[info] 
[info] First, let's associate this project directory with a Firebase project.
[info] You can create multiple project aliases by running firebase use --add, 
[info] but for now we'll just set up a default project.
[info] 
[debug] [2022-10-10T19:50:34.873Z] > refreshing access token with scopes: []
[debug] [2022-10-10T19:50:34.878Z] >>> [apiv2][query] POST https://www.googleapis.com/oauth2/v3/token [none]
[debug] [2022-10-10T19:50:34.879Z] >>> [apiv2][body] POST https://www.googleapis.com/oauth2/v3/token [omitted]
[debug] [2022-10-10T19:50:35.403Z] <<< [apiv2][status] POST https://www.googleapis.com/oauth2/v3/token 200
[debug] [2022-10-10T19:50:35.404Z] <<< [apiv2][body] POST https://www.googleapis.com/oauth2/v3/token [omitted]
[debug] [2022-10-10T19:50:35.425Z] >>> [apiv2][query] GET https://firebase.googleapis.com/v1beta1/projects pageSize=100
[debug] [2022-10-10T19:50:36.193Z] <<< [apiv2][status] GET https://firebase.googleapis.com/v1beta1/projects 200
[debug] [2022-10-10T19:50:36.193Z] <<< [apiv2][body] GET https://firebase.googleapis.com/v1beta1/projects [omitted]
[info] i  Using project komradees (komradees) 
[info] 
=== Functions Setup
[debug] [2022-10-10T19:50:38.539Z] > command requires scopes: ["email","openid","https://www.googleapis.com/auth/cloudplatformprojects.readonly","https://www.googleapis.com/auth/firebase","https://www.googleapis.com/auth/cloud-platform"]
[debug] [2022-10-10T19:50:38.540Z] > authorizing via signed-in user (abdelmanan.abdelrahman03@gmail.com)
[debug] [2022-10-10T19:50:38.541Z] [iam] checking project komradees for permissions ["firebase.projects.get"]
[debug] [2022-10-10T19:50:38.543Z] >>> [apiv2][query] POST https://cloudresourcemanager.googleapis.com/v1/projects/komradees:testIamPermissions [none]
[debug] [2022-10-10T19:50:38.543Z] >>> [apiv2][(partial)header] POST https://cloudresourcemanager.googleapis.com/v1/projects/komradees:testIamPermissions x-goog-quota-user=projects/komradees
[debug] [2022-10-10T19:50:38.544Z] >>> [apiv2][body] POST https://cloudresourcemanager.googleapis.com/v1/projects/komradees:testIamPermissions {"permissions":["firebase.projects.get"]}
[debug] [2022-10-10T19:50:40.272Z] <<< [apiv2][status] POST https://cloudresourcemanager.googleapis.com/v1/projects/komradees:testIamPermissions 200
[debug] [2022-10-10T19:50:40.272Z] <<< [apiv2][body] POST https://cloudresourcemanager.googleapis.com/v1/projects/komradees:testIamPermissions {"permissions":["firebase.projects.get"]}
[debug] [2022-10-10T19:50:40.278Z] >>> [apiv2][query] GET https://serviceusage.googleapis.com/v1/projects/komradees/services/cloudfunctions.googleapis.com [none]
[debug] [2022-10-10T19:50:40.279Z] >>> [apiv2][(partial)header] GET https://serviceusage.googleapis.com/v1/projects/komradees/services/cloudfunctions.googleapis.com x-goog-quota-user=projects/komradees
[debug] [2022-10-10T19:50:40.281Z] >>> [apiv2][query] GET https://serviceusage.googleapis.com/v1/projects/komradees/services/runtimeconfig.googleapis.com [none]
[debug] [2022-10-10T19:50:40.281Z] >>> [apiv2][(partial)header] GET https://serviceusage.googleapis.com/v1/projects/komradees/services/runtimeconfig.googleapis.com x-goog-quota-user=projects/komradees
[debug] [2022-10-10T19:50:42.060Z] <<< [apiv2][status] GET https://serviceusage.googleapis.com/v1/projects/komradees/services/cloudfunctions.googleapis.com 200
[debug] [2022-10-10T19:50:42.061Z] <<< [apiv2][body] GET https://serviceusage.googleapis.com/v1/projects/komradees/services/cloudfunctions.googleapis.com [omitted]
[debug] [2022-10-10T19:50:42.062Z] >>> [apiv2][query] POST https://serviceusage.googleapis.com/v1/projects/komradees/services/cloudfunctions.googleapis.com:enable [none]
[debug] [2022-10-10T19:50:42.062Z] >>> [apiv2][(partial)header] POST https://serviceusage.googleapis.com/v1/projects/komradees/services/cloudfunctions.googleapis.com:enable x-goog-quota-user=projects/komradees
[debug] [2022-10-10T19:50:42.069Z] <<< [apiv2][status] GET https://serviceusage.googleapis.com/v1/projects/komradees/services/runtimeconfig.googleapis.com 200
[debug] [2022-10-10T19:50:42.069Z] <<< [apiv2][body] GET https://serviceusage.googleapis.com/v1/projects/komradees/services/runtimeconfig.googleapis.com [omitted]
[debug] [2022-10-10T19:50:45.627Z] <<< [apiv2][status] POST https://serviceusage.googleapis.com/v1/projects/komradees/services/cloudfunctions.googleapis.com:enable 200
[debug] [2022-10-10T19:50:45.632Z] <<< [apiv2][body] POST https://serviceusage.googleapis.com/v1/projects/komradees/services/cloudfunctions.googleapis.com:enable [omitted]
[debug] [2022-10-10T19:50:55.642Z] >>> [apiv2][query] GET https://serviceusage.googleapis.com/v1/projects/komradees/services/cloudfunctions.googleapis.com [none]
[debug] [2022-10-10T19:50:55.643Z] >>> [apiv2][(partial)header] GET https://serviceusage.googleapis.com/v1/projects/komradees/services/cloudfunctions.googleapis.com x-goog-quota-user=projects/komradees
[debug] [2022-10-10T19:50:57.544Z] <<< [apiv2][status] GET https://serviceusage.googleapis.com/v1/projects/komradees/services/cloudfunctions.googleapis.com 200
[debug] [2022-10-10T19:50:57.544Z] <<< [apiv2][body] GET https://serviceusage.googleapis.com/v1/projects/komradees/services/cloudfunctions.googleapis.com [omitted]
[info] Let's create a new codebase for your functions.
[info] A directory corresponding to the codebase will be created in your project
[info] with sample code pre-configured.

[info] See https://firebase.google.com/docs/functions/organize-functions for
[info] more information on organizing your functions using codebases.

[info] Functions can be deployed with firebase deploy.

[info] ✔  Wrote functions/package.json 
[info] ✔  Wrote functions/.eslintrc.js 
[info] ✔  Wrote functions/index.js 
[info] ✔  Wrote functions/.gitignore 
